TN:
SF:src/ERC20Tokens/LPToken.sol
DA:10,42
FN:10,LPToken.constructor
FNDA:42,LPToken.constructor
DA:11,42
FNF:1
FNH:1
LF:2
LH:2
BRF:0
BRH:0
end_of_record
TN:
SF:src/ERC20Tokens/nQToken.sol
DA:8,42
FN:8,nQToken.constructor
FNDA:42,nQToken.constructor
DA:9,42
FNF:1
FNH:1
LF:2
LH:2
BRF:0
BRH:0
end_of_record
TN:
SF:src/Oracles/MockRewardOracle.sol
DA:8,1005
FN:8,MockRewardOracle.getRewardRate
FNDA:1005,MockRewardOracle.getRewardRate
DA:9,1005
FNF:1
FNH:1
LF:2
LH:2
BRF:0
BRH:0
end_of_record
TN:
SF:src/Stake.sol
DA:61,9630
FN:61,Stake.nonReentrancyGuard
FNDA:9630,Stake.nonReentrancyGuard
DA:62,9630
BRDA:62,0,0,-
BRDA:62,0,1,7639
DA:63,9630
DA:65,9628
DA:68,3
FN:68,Stake.requiredMultisig
FNDA:3,Stake.requiredMultisig
DA:69,3
DA:70,3
DA:71,4
BRDA:71,1,0,3
DA:72,3
DA:73,3
DA:76,3
BRDA:76,2,0,1
BRDA:76,2,1,12
DA:80,2007
FN:80,Stake.requiredNotSuspicious
FNDA:2007,Stake.requiredNotSuspicious
DA:81,2007
BRDA:81,3,0,1
BRDA:81,3,1,3004
DA:85,42
FN:85,Stake.constructor
FNDA:42,Stake.constructor
DA:92,42
BRDA:92,4,0,-
BRDA:92,4,1,42
DA:93,42
BRDA:93,5,0,-
BRDA:93,5,1,42
DA:94,42
DA:95,42
DA:96,42
DA:97,42
DA:98,42
DA:106,9628
FN:106,Stake.stakeEth
FNDA:9628,Stake.stakeEth
DA:107,9628
BRDA:107,6,0,1001
DA:108,8627
BRDA:108,7,0,1
DA:110,8626
DA:111,8626
DA:115,7639
FN:115,Stake.stakeToken
FNDA:7639,Stake.stakeToken
DA:116,7639
BRDA:116,8,0,1
DA:117,7638
BRDA:117,9,0,1
DA:120,7637
DA:121,7637
BRDA:121,10,0,-
DA:123,7637
DA:124,7637
DA:128,9630
FN:128,Stake.withdrawRequest
FNDA:9630,Stake.withdrawRequest
DA:129,9630
DA:130,1
BRDA:130,11,0,1
DA:131,9629
BRDA:131,12,0,1
DA:133,9628
DA:134,9628
DA:138,3005
FN:138,Stake.withdrawEth
FNDA:3005,Stake.withdrawEth
DA:139,3004
BRDA:139,13,0,1
DA:140,3003
BRDA:140,14,0,1001
DA:141,2002
BRDA:141,15,0,1001
DA:144,1001
DA:145,1001
BRDA:145,16,0,2
DA:146,2
DA:149,1001
DA:150,1001
BRDA:150,17,0,-
DA:152,1001
DA:156,2007
FN:156,Stake.withdrawToken
FNDA:2007,Stake.withdrawToken
DA:157,2006
BRDA:157,18,0,-
DA:158,2006
BRDA:158,19,0,1
DA:159,2005
BRDA:159,20,0,1000
DA:162,1005
DA:163,1005
BRDA:163,21,0,48
DA:164,48
DA:168,1005
DA:171,1005
DA:174,1005
DA:175,1005
BRDA:175,22,0,1
DA:176,1
DA:178,1004
DA:181,1004
DA:182,1004
BRDA:182,23,0,-
DA:183,1004
DA:184,1004
BRDA:184,24,0,-
DA:186,1004
DA:191,2
FN:191,Stake.onTransferReceived
FNDA:2,Stake.onTransferReceived
DA:197,2
BRDA:197,25,0,1
BRDA:197,25,1,1
DA:198,1
BRDA:198,26,0,-
DA:199,1
BRDA:199,27,0,-
DA:201,1
DA:202,1
DA:204,1
DA:207,13
FN:207,Stake.flagSuspiciousActivity
FNDA:13,Stake.flagSuspiciousActivity
DA:208,12
DA:209,11
BRDA:209,28,0,6
DA:210,5
DA:212,5
DA:213,5
DA:216,3
FN:216,Stake.unflagSuspiciousActivity
FNDA:3,Stake.unflagSuspiciousActivity
DA:217,3
BRDA:217,29,0,1
DA:218,2
DA:219,2
BRDA:219,30,0,1
DA:220,1
DA:221,1
DA:228,14
FN:228,Stake._collectSignature
FNDA:14,Stake._collectSignature
DA:229,1
BRDA:229,31,0,1
DA:230,13
DA:231,13
DA:232,26
BRDA:232,32,0,7
DA:233,7
DA:236,6
DA:237,12
DA:239,6
FNF:13
FNH:13
LF:95
LH:95
BRF:39
BRH:29
end_of_record
TN:
SF:test/StakeInvariantTest.t.sol
DA:24,6
FN:24,StakeHandler.constructor
FNDA:6,StakeHandler.constructor
DA:25,6
DA:26,6
DA:27,6
DA:28,6
DA:31,30306
FN:31,StakeHandler.useActor
FNDA:30306,StakeHandler.useActor
DA:32,30306
DA:33,30306
DA:35,30306
DA:38,30456
FN:38,StakeHandler.stakeEth
FNDA:30456,StakeHandler.stakeEth
DA:39,30456
DA:40,30456
BRDA:40,0,0,30456
DA:41,4619
DA:42,4619
DA:43,4619
DA:46,31554
FN:46,StakeHandler.stakeToken
FNDA:31554,StakeHandler.stakeToken
DA:47,31554
DA:48,31554
BRDA:48,1,0,31554
DA:49,4624
DA:50,4624
DA:51,4624
DA:52,4624
DA:55,30306
FN:55,StakeHandler.requestWithdraw
FNDA:30306,StakeHandler.requestWithdraw
DA:56,30306
BRDA:56,2,0,30306
DA:57,27898
BRDA:57,3,0,27898
DA:58,4614
DA:61,31224
FN:61,StakeHandler.withdrawEth
FNDA:31224,StakeHandler.withdrawEth
DA:62,31224
BRDA:62,4,0,31224
DA:63,23937
BRDA:63,5,0,23937
DA:64,0
BRDA:64,6,0,-
DA:65,0
DA:66,0
BRDA:66,7,0,-
DA:67,0
DA:68,0
DA:69,0
DA:72,30660
FN:72,StakeHandler.withdrawToken
FNDA:30660,StakeHandler.withdrawToken
DA:73,30660
BRDA:73,8,0,30660
DA:74,23694
BRDA:74,9,0,23694
DA:75,0
BRDA:75,10,0,-
DA:76,0
DA:77,0
BRDA:77,11,0,-
DA:79,0
DA:80,0
BRDA:80,12,0,-
DA:81,0
DA:82,0
DA:83,0
DA:86,0
FN:86,StakeHandler.warpTime
FNDA:0,StakeHandler.warpTime
DA:87,0
FNF:8
FNH:7
LF:48
LH:32
BRF:13
BRH:8
end_of_record
