TN:
SF:src/ERC20Tokens/LPToken.sol
DA:10,28
FN:10,LPToken.constructor
FNDA:28,LPToken.constructor
DA:11,28
FNF:1
FNH:1
LF:2
LH:2
BRF:0
BRH:0
end_of_record
TN:
SF:src/ERC20Tokens/nQToken.sol
DA:8,28
FN:8,nQToken.constructor
FNDA:28,nQToken.constructor
DA:9,28
FNF:1
FNH:1
LF:2
LH:2
BRF:0
BRH:0
end_of_record
TN:
SF:src/Oracles/MockRewardOracle.sol
DA:8,4
FN:8,MockRewardOracle.getRewardRate
FNDA:4,MockRewardOracle.getRewardRate
DA:9,4
FNF:1
FNH:1
LF:2
LH:2
BRF:0
BRH:0
end_of_record
TN:
SF:src/Stake.sol
DA:61,15
FN:61,Stake.nonReentrancyGuard
FNDA:15,Stake.nonReentrancyGuard
DA:62,15
BRDA:62,0,0,-
BRDA:62,0,1,14
DA:63,15
DA:65,13
DA:68,3
FN:68,Stake.requiredMultisig
FNDA:3,Stake.requiredMultisig
DA:69,3
DA:70,3
DA:71,4
BRDA:71,1,0,3
DA:72,3
DA:73,3
DA:76,3
BRDA:76,2,0,1
BRDA:76,2,1,12
DA:80,6
FN:80,Stake.requiredNotSuspicious
FNDA:6,Stake.requiredNotSuspicious
DA:81,6
BRDA:81,3,0,1
BRDA:81,3,1,4
DA:85,28
FN:85,Stake.constructor
FNDA:28,Stake.constructor
DA:92,28
BRDA:92,4,0,-
BRDA:92,4,1,28
DA:93,28
BRDA:93,5,0,-
BRDA:93,5,1,28
DA:94,28
DA:95,28
DA:96,28
DA:97,28
DA:98,28
DA:106,9
FN:106,Stake.stakeEth
FNDA:9,Stake.stakeEth
DA:107,9
BRDA:107,6,0,1
DA:108,8
BRDA:108,7,0,1
DA:110,7
DA:111,7
DA:115,14
FN:115,Stake.stakeToken
FNDA:14,Stake.stakeToken
DA:116,14
BRDA:116,8,0,1
DA:117,13
BRDA:117,9,0,1
DA:120,12
DA:121,12
BRDA:121,10,0,-
DA:123,12
DA:124,12
DA:128,15
FN:128,Stake.withdrawRequest
FNDA:15,Stake.withdrawRequest
DA:129,15
DA:130,1
BRDA:130,11,0,1
DA:131,14
BRDA:131,12,0,1
DA:133,13
DA:134,13
DA:138,5
FN:138,Stake.withdrawEth
FNDA:5,Stake.withdrawEth
DA:139,4
BRDA:139,13,0,1
DA:140,3
BRDA:140,14,0,1
DA:141,2
BRDA:141,15,0,1
DA:144,1
DA:145,1
BRDA:145,16,0,1
DA:146,1
DA:149,1
DA:150,1
BRDA:150,17,0,-
DA:152,1
DA:156,6
FN:156,Stake.withdrawToken
FNDA:6,Stake.withdrawToken
DA:157,5
BRDA:157,18,0,-
DA:158,5
BRDA:158,19,0,1
DA:159,4
BRDA:159,20,0,-
DA:162,4
DA:163,4
BRDA:163,21,0,4
DA:164,4
DA:168,4
DA:171,4
DA:174,4
DA:175,4
BRDA:175,22,0,1
DA:176,1
DA:178,3
DA:181,3
DA:182,3
BRDA:182,23,0,-
DA:183,3
DA:184,3
BRDA:184,24,0,-
DA:186,3
DA:191,2
FN:191,Stake.onTransferReceived
FNDA:2,Stake.onTransferReceived
DA:197,2
BRDA:197,25,0,1
BRDA:197,25,1,1
DA:198,1
BRDA:198,26,0,-
DA:199,1
BRDA:199,27,0,-
DA:201,1
DA:202,1
DA:204,1
DA:207,13
FN:207,Stake.flagSuspiciousActivity
FNDA:13,Stake.flagSuspiciousActivity
DA:208,12
DA:209,11
BRDA:209,28,0,6
DA:210,5
DA:212,5
DA:213,5
DA:216,3
FN:216,Stake.unflagSuspiciousActivity
FNDA:3,Stake.unflagSuspiciousActivity
DA:217,3
BRDA:217,29,0,1
DA:218,2
DA:219,2
BRDA:219,30,0,1
DA:220,1
DA:221,1
DA:228,14
FN:228,Stake._collectSignature
FNDA:14,Stake._collectSignature
DA:229,1
BRDA:229,31,0,1
DA:230,13
DA:231,13
DA:232,26
BRDA:232,32,0,7
DA:233,7
DA:236,6
DA:237,12
DA:239,6
FNF:13
FNH:13
LF:95
LH:95
BRF:39
BRH:28
end_of_record
